HOSTNAME  webonise-desktop
NAME="Ubuntu"
VERSION="12.04.4 LTS, Precise Pangolin"
ID=ubuntu
ID_LIKE=debian
PRETTY_NAME="Ubuntu precise (12.04.4 LTS)"
VERSION_ID="12.04"
HOME  /home/webonise
webonise tty7
webonise pts/1
webonise pts/2
webonise pts/3
webonise pts/4
webonise
adm
cdrom
sudo
dip
plugdev
lpadmin
sambashare
/home/webonise:
assignment.log
BashAssignment
cb
cb(1).jpg
ChiragMongoDB
ChiragMongoDB~
ChiragNOSQL(1st & 2nd part).odt
ChiragNOSQL(3rd part)
ChiragRDBMS(1st and 2nd )
Desktop
Documents
Downloads
examples.desktop
firefox
Music
NetBeansProjects
Pictures
prajaktar
Public
Sublime Text 2
Templates
Videos

/home/webonise/BashAssignment:
aaaaaab.txt
aaaasdsdaaaab.txt
aab.txt
ab.txt
assignment.log
assignment.log~
a.txt
b.txt
public_html
script2.sh
script3.sh
script4.sh
script.sh
t.pdf
t.txt
x
x.csv
x.jpg
x.mp4
x.txt

/home/webonise/BashAssignment/public_html:
cb_public_html
readme.txt

/home/webonise/BashAssignment/public_html/cb_public_html:
aaaaaab.txt
aaaasdsdaaaab.txt
aab.txt
ab.txt
readme.txt

/home/webonise/cb:
a.out
binding.rb
cb.txt
cb.txt~
CHAT SYSTEM MODELLING.docx
CHAT SYSTEM MODELLING.pdf
ChiragNOSQL(1st & 2nd part).odt
class.smtp.php
class.smtp.php~
College.java
f
F
f.cpp
f.cpp~
G
g.cpp
g.cpp~
lang.cpp
lang.cpp~
M
main.cpp
main.cpp~
myClass.php
myClass.php~
php.cpp
php.cpp~
rb.txt
rb.txt~
reg.cpp
reg.cpp~
ruby.cpp
ruby.cpp~
try1.cpp
try1.cpp~
Untitled Document
Untitled Document~
Webonator-Programming-Language

/home/webonise/cb/Webonator-Programming-Language:
binding.rb
class.smtp.php
College.java
myClass.php
myClass.php~
Student.java

/home/webonise/Desktop:
ChiragNOSQL(1st & 2nd part).odt
ChiragNOSQL(3rd part)
Untitled Document~

/home/webonise/Documents:
ChiragVirtualUniversity.odt

/home/webonise/Downloads:
arijit-singh---hai-dil-ye-mera-(hate-story-2)-(n.-barats).mp3
arijit-singh---mashup---[bkm].mp3
Arijit singh Mirchi Music Awards 2014-FULL.mp4
arijit-singh---phir-mohabbat-(unplugged)-(r.-kkhan).mp3
arijit-singh,-tochi-raina-%26amp;-shilpa-rao---khalbali-(m.-ryder).mp3
cb(1).jpg
cb.jpg
cb.png
chirag_antfarm.jpg
chiragantfarm.jpg
chiragvirtualuniversity.jpg
CHIRAG_WEBONISE JOINING DOCKET2.docx
CHIRAG_WEBONISE JOINING DOCKET.docx
CHIRAG_WEBONISE JOINING DOCKET.pdf
Comedy Nights With Kapil - Yuvraj Singh & Harbhajan Singh - Full episode - 21st June 2014 (HD).mp4
imagine dragons - discography 2009-2013 @320 (by jamal the moroccan).rar
Imagine Dragons - Radioactive.mp4
mongodb-10gen_1.6.5-1_amd64.deb.part
mongodb_tutorial.pdf
one-republic---all-fall-down.mp3
one-republic---all-the-right-moves.mp3
one-republic---counting-stars-(2013).mp3
One Republic Counting Stars 2013 PIANO Version__3818_il581952.exe
One Republic Counting stars__3818_il582143.exe
one-republic---halo-(beyonce-cover).mp3
pcd.rar
phoenyx-feat.-arijit-singh---ka-karoon-sajini-(dubstep)-(phase-1)-(a.-sokolov).mp3
Radioactive - Lindsey Stirling and Pentatonix (Imagine Dragons Cover).mp3
skype-debian_4.2.0.13-1_i386.deb
sunidhi-chauhan-%26amp;-arijit-singh---yaariyan-(reprise)-(r.-gabbasov).mp3
umbrello_1.3.0-1_i386.deb
WEBONISE JOINING DOCKET_New(2).docx

/home/webonise/firefox:
application.ini
browser
chrome.manifest
components
crashreporter
crashreporter.ini
defaults
dependentlibs.list
dictionaries
firefox
firefox-bin
icons
libfreebl3.chk
libfreebl3.so
libmozalloc.so
libmozsqlite3.so
libnspr4.so
libnss3.so
libnssckbi.so
libnssdbm3.chk
libnssdbm3.so
libnssutil3.so
libplc4.so
libplds4.so
libsmime3.so
libsoftokn3.chk
libsoftokn3.so
libssl3.so
libxul.so
mozilla-xremote-client
omni.ja
platform.ini
plugin-container
precomplete
removed-files
run-mozilla.sh
Throbber-small.gif
updater
updater.ini
update-settings.ini
webapprt
webapprt-stub

/home/webonise/firefox/browser:
blocklist.xml
chrome
chrome.manifest
components
crashreporter-override.ini
extensions
icons
omni.ja
searchplugins

/home/webonise/firefox/browser/chrome:
icons

/home/webonise/firefox/browser/chrome/icons:
default

/home/webonise/firefox/browser/chrome/icons/default:
default16.png
default32.png
default48.png

/home/webonise/firefox/browser/components:
components.manifest
libbrowsercomps.so

/home/webonise/firefox/browser/extensions:
{972ce4c6-7e08-4474-a285-3208198ce6fd}

/home/webonise/firefox/browser/extensions/{972ce4c6-7e08-4474-a285-3208198ce6fd}:
icon.png
install.rdf

/home/webonise/firefox/browser/icons:
mozicon128.png

/home/webonise/firefox/browser/searchplugins:
amazondotcom.xml
bing.xml
eBay.xml
google.xml
twitter.xml
wikipedia.xml
yahoo.xml

/home/webonise/firefox/components:
components.manifest
libdbusservice.so
libmozgnome.so

/home/webonise/firefox/defaults:
pref

/home/webonise/firefox/defaults/pref:
channel-prefs.js

/home/webonise/firefox/dictionaries:
en-US.aff
en-US.dic

/home/webonise/firefox/icons:
updater.png

/home/webonise/firefox/webapprt:
omni.ja
webapprt.ini

/home/webonise/Music:

/home/webonise/NetBeansProjects:
JavaApplication1

/home/webonise/NetBeansProjects/JavaApplication1:
build
build.xml
manifest.mf
nbproject
src

/home/webonise/NetBeansProjects/JavaApplication1/build:
classes

/home/webonise/NetBeansProjects/JavaApplication1/build/classes:
javaapplication1

/home/webonise/NetBeansProjects/JavaApplication1/build/classes/javaapplication1:
JavaApplication1.class

/home/webonise/NetBeansProjects/JavaApplication1/nbproject:
build-impl.xml
genfiles.properties
private
project.properties
project.xml

/home/webonise/NetBeansProjects/JavaApplication1/nbproject/private:
private.properties
private.xml

/home/webonise/NetBeansProjects/JavaApplication1/src:
javaapplication1

/home/webonise/NetBeansProjects/JavaApplication1/src/javaapplication1:
JavaApplication1.java

/home/webonise/Pictures:

/home/webonise/prajaktar:
a.out
data
data~
data.txt
try1.cpp
try1.cpp~
try2.cpp
try2.cpp~
try3.cpp
try3.cpp~
try4.cpp
try4.cpp~
try5.cpp
Untitled Document
Untitled Document~

/home/webonise/Public:

/home/webonise/Sublime Text 2:
Icon
lib
PackageSetup.py
PackageSetup.pyc
Pristine Packages
sublime_plugin.py
sublime_plugin.pyc
sublime_text

/home/webonise/Sublime Text 2/Icon:
128x128
16x16
256x256
32x32
48x48

/home/webonise/Sublime Text 2/Icon/128x128:
sublime_text.png

/home/webonise/Sublime Text 2/Icon/16x16:
sublime_text.png

/home/webonise/Sublime Text 2/Icon/256x256:
sublime_text.png

/home/webonise/Sublime Text 2/Icon/32x32:
sublime_text.png

/home/webonise/Sublime Text 2/Icon/48x48:
sublime_text.png

/home/webonise/Sublime Text 2/lib:
python26.zip

/home/webonise/Sublime Text 2/Pristine Packages:
ActionScript.sublime-package
AppleScript.sublime-package
ASP.sublime-package
Batch File.sublime-package
Clojure.sublime-package
Color Scheme - Default.sublime-package
CSS.sublime-package
C#.sublime-package
C++.sublime-package
Default.sublime-package
Diff.sublime-package
D.sublime-package
Erlang.sublime-package
Go.sublime-package
Graphviz.sublime-package
Groovy.sublime-package
Haskell.sublime-package
HTML.sublime-package
JavaScript.sublime-package
Java.sublime-package
Language - English.sublime-package
LaTeX.sublime-package
Lisp.sublime-package
Lua.sublime-package
Makefile.sublime-package
Markdown.sublime-package
Matlab.sublime-package
Objective-C.sublime-package
OCaml.sublime-package
Perl.sublime-package
PHP.sublime-package
Python.sublime-package
Rails.sublime-package
Regular Expressions.sublime-package
RestructuredText.sublime-package
R.sublime-package
Ruby.sublime-package
Scala.sublime-package
ShellScript.sublime-package
SQL.sublime-package
TCL.sublime-package
Textile.sublime-package
Text.sublime-package
Theme - Default.sublime-package
User.sublime-package
Vintage.sublime-package
XML.sublime-package
YAML.sublime-package

/home/webonise/Templates:

/home/webonise/Videos:
Sat Jul 12 19:39:58 IST 2014
assignment.log
assignment.log~
cbaaaaaab.txt
cbaaaasdsdaaaab.txt
cbaab.txt
cbab.txt
cba.txt
cbb.txt
cbt.txt
cbx.txt
public_html
script2.sh
script3.sh
script4.sh
script.sh
t.pdf
x
x.csv
x.jpg
x.mp4
assignment.log
assignment.log~
cbaaaaaab.txt
cbaaaasdsdaaaab.txt
cbaab.txt
cbab.txt
cba.txt
cbb.txt
cbt.txt
cbx
cbx.csv
cbx.jpg
cbx.mp4
cbx.txt
public_html
script2.sh
script3.sh
script4.sh
script.sh
t.pdf
Sat Jul 12 19:40:02 IST 2014
